\BOOKMARK [0][-]{chapter.1}{\376\377\000I\000n\000l\000e\000i\000d\000i\000n\000g}{}% 1
\BOOKMARK [0][-]{chapter.2}{\376\377\000A\000l\000g\000e\000m\000e\000n\000e\000\040\000H\000a\000n\000d\000l\000e\000i\000d\000i\000n\000g}{}% 2
\BOOKMARK [1][-]{section.2.2}{\376\377\000A\000a\000n\000s\000l\000u\000i\000t\000e\000n\000\040\000e\000n\000\040\000o\000p\000s\000t\000a\000r\000t\000e\000n\000\040\000v\000a\000n\000\040\000d\000e\000\040\000g\000e\000n\000e\000r\000a\000t\000o\000r}{chapter.2}% 3
\BOOKMARK [1][-]{section.2.3}{\376\377\000O\000p\000l\000a\000d\000e\000n\000\040\000v\000i\000a\000\040\000N\000e\000t\000s\000p\000a\000n\000n\000i\000n\000g}{chapter.2}% 4
\BOOKMARK [1][-]{section.2.4}{\376\377\000F\000o\000u\000t\000e\000n\000,\000\040\000F\000o\000u\000t\000c\000o\000d\000e\000s\000\040\000e\000n\000\040\000a\000n\000d\000e\000r\000e\000\040\000p\000r\000o\000b\000l\000e\000m\000e\000n}{chapter.2}% 5
\BOOKMARK [2][-]{subsection.2.4.1}{\376\377\000G\000e\000e\000n\000\040\0002\0003\0000\000v\000\040\000A\000C\000\040\000t\000e\000\040\000v\000e\000r\000k\000r\000i\000j\000g\000e\000n}{section.2.4}% 6
\BOOKMARK [2][-]{subsection.2.4.2}{\376\377\000V\000e\000r\000b\000i\000n\000d\000i\000n\000g\000\040\000v\000e\000r\000b\000r\000o\000k\000e\000n\000\040\000t\000u\000s\000s\000e\000n\000\040\000i\000n\000v\000e\000r\000t\000e\000r\000/\000B\000a\000t\000t\000e\000r\000i\000j\000\040\000b\000e\000h\000e\000e\000r\000\040}{section.2.4}% 7
\BOOKMARK [2][-]{subsection.2.4.3}{\376\377\000B\000a\000t\000t\000e\000r\000i\000j\000e\000n\000\040\000l\000a\000d\000e\000n\000\040\000n\000i\000e\000t\000\040\000o\000p}{section.2.4}% 8
\BOOKMARK [1][-]{section.2.5}{\376\377\000S\000c\000h\000e\000m\000a\000t\000i\000s\000c\000h\000e\000\040\000t\000e\000k\000e\000n\000i\000n\000g\000e\000n\000\040\000s\000y\000s\000t\000e\000e\000m}{chapter.2}% 9
\BOOKMARK [2][-]{subsection.2.5.1}{\376\377\000E\000l\000e\000k\000t\000r\000i\000s\000c\000h\000\040\000s\000c\000h\000e\000m\000a\000/\000a\000l\000g\000e\000m\000e\000e\000n\000\040\000s\000c\000h\000e\000m\000a}{section.2.5}% 10
\BOOKMARK [2][-]{subsection.2.5.2}{\376\377\000A\000a\000n\000s\000l\000u\000i\000t\000i\000n\000g\000\040\000N\000e\000t\000w\000e\000r\000k\000k\000a\000b\000e\000l\000s}{section.2.5}% 11
\BOOKMARK [0][-]{chapter.3}{\376\377\000T\000e\000c\000h\000n\000i\000s\000c\000h\000e\000\040\000H\000a\000n\000d\000l\000e\000i\000d\000i\000n\000g}{}% 12
\BOOKMARK [1][-]{section.3.1}{\376\377\000R\000a\000s\000p\000b\000e\000r\000r\000y\000\040\000P\000I}{chapter.3}% 13
\BOOKMARK [2][-]{subsection.3.1.1}{\376\377\000F\000l\000a\000s\000h\000i\000n\000g\000\040\000P\000I\000-\000O\000S}{section.3.1}% 14
\BOOKMARK [1][-]{section.3.2}{\376\377\000R\000a\000s\000p\000b\000e\000r\000r\000y\000\040\000p\000i\000\040\000t\000e\000r\000m\000i\000n\000a\000l}{chapter.3}% 15
\BOOKMARK [2][-]{subsection.3.2.1}{\376\377\000T\000e\000r\000m\000i\000n\000a\000l\000\040\000o\000p\000e\000n\000e\000n\000\040\000i\000n\000\040\000d\000e\000\040\000R\000a\000s\000p\000b\000e\000r\000r\000i\000\040\000P\000I}{section.3.2}% 16
\BOOKMARK [1][-]{section.3.3}{\376\377\000M\000Q\000T\000T}{chapter.3}% 17
\BOOKMARK [2][-]{subsection.3.3.1}{\376\377\000A\000u\000t\000o\000m\000a\000t\000i\000s\000c\000h\000\040\000o\000p\000s\000t\000a\000r\000t\000e\000n\000\040\000M\000Q\000T\000T}{section.3.3}% 18
\BOOKMARK [1][-]{section.3.4}{\376\377\000D\000o\000c\000k\000e\000r}{chapter.3}% 19
\BOOKMARK [2][-]{subsection.3.4.1}{\376\377\000I\000n\000s\000t\000a\000l\000l\000a\000t\000i\000e\000\040\000v\000a\000n\000\040\000d\000e\000\040\000D\000o\000c\000k\000e\000r}{section.3.4}% 20
\BOOKMARK [2][-]{subsection.3.4.2}{\376\377\000F\000o\000l\000d\000e\000r\000\040\000v\000a\000n\000\040\000U\000S\000B\000-\000S\000t\000i\000c\000k\000\040\000h\000a\000l\000e\000n\000\040\000e\000n\000\040\000D\000o\000c\000k\000e\000r\000\040\000b\000u\000i\000l\000d\000\040\000u\000i\000t\000v\000o\000e\000r\000e\000n}{section.3.4}% 21
\BOOKMARK [1][-]{section.3.5}{\376\377\000T\000a\000i\000l\000s\000c\000a\000l\000e}{chapter.3}% 22
\BOOKMARK [2][-]{subsection.3.5.1}{\376\377\000I\000n\000s\000t\000a\000l\000l\000a\000t\000i\000e\000\040\000v\000a\000n\000\040\000T\000a\000i\000l\000s\000c\000a\000l\000e\000\040\000o\000p\000\040\000d\000e\000\040\000R\000a\000s\000p\000b\000e\000r\000r\000y\000\040\000P\000i}{section.3.5}% 23
\BOOKMARK [2][-]{subsection.3.5.2}{\376\377\000T\000a\000i\000l\000s\000c\000a\000l\000e\000\040\000v\000e\000r\000b\000i\000n\000d\000e\000n\000\040\000m\000e\000t\000\040\000e\000e\000n\000\040\000a\000c\000c\000o\000u\000n\000t}{section.3.5}% 24
\BOOKMARK [2][-]{subsection.3.5.3}{\376\377\000C\000o\000n\000t\000r\000o\000l\000e\000r\000e\000n\000\040\000o\000f\000\040\000T\000a\000i\000l\000s\000c\000a\000l\000e\000\040\000w\000e\000r\000k\000t}{section.3.5}% 25
\BOOKMARK [2][-]{subsection.3.5.4}{\376\377\000A\000u\000t\000o\000m\000a\000t\000i\000s\000c\000h\000\040\000o\000p\000s\000t\000a\000r\000t\000e\000n\000\040\000v\000a\000n\000\040\000T\000a\000i\000l\000s\000c\000a\000l\000e}{section.3.5}% 26
\BOOKMARK [0][-]{chapter.4}{\376\377\000I\000n\000s\000t\000a\000l\000l\000a\000t\000i\000e\000h\000a\000n\000d\000l\000e\000i\000d\000i\000n\000g}{}% 27
\BOOKMARK [1][-]{section.4.1}{\376\377\000O\000n\000d\000e\000r\000d\000e\000l\000e\000n\000l\000i\000j\000s\000t}{chapter.4}% 28
\BOOKMARK [1][-]{section.4.2}{\376\377\000B\000e\000k\000a\000b\000e\000l\000i\000n\000g\000\040\000s\000y\000s\000t\000e\000e\000m}{chapter.4}% 29
\BOOKMARK [2][-]{subsection.4.2.1}{\376\377\000E\000l\000e\000k\000t\000r\000a}{section.4.2}% 30
\BOOKMARK [2][-]{subsection.4.2.2}{\376\377\000N\000e\000t\000w\000e\000r\000k\000\040\000e\000n\000\040\000D\000a\000t\000a}{section.4.2}% 31
\BOOKMARK [1][-]{section.4.3}{\376\377\000H\000a\000r\000d\000w\000a\000r\000e\000\040\000e\000n\000\040\000m\000o\000n\000t\000e\000r\000e\000n\000\040\000s\000t\000e\000i\000g\000e\000r\000b\000u\000i\000s}{chapter.4}% 32
